<?xml version='1.0' encoding='UTF-8' ?>
<testsuite name="com.marketmonitor.app.MarketListenerAppSmokeTest" tests="7" failures="0" errors="0" skipped="0" time="12.734" timestamp="2026-08-09T18:09:16" hostname="localhost">
  <properties>
    <property name="device" value="ML_API_33(AVD) - 13" />
    <property name="flavor" value="" />
    <property name="project" value=":app" />
  </properties>
  <testcase name="appShellOpensSettingsAndPersistsDarkChoice" classname="com.marketmonitor.app.MarketListenerAppSmokeTest" time="5.41" />
  <testcase name="missingMarketDataShowsGuidanceInsteadOfZero" classname="com.marketmonitor.app.ui.DataScreenEmptyStateTest" time="1.094" />
  <testcase name="allFiveSectionsAreReachableFromBottomNavigation" classname="com.marketmonitor.app.ui.app.AppScaffoldNavigationTest" time="1.852" />
  <testcase name="echartsWebViewIsComposed" classname="com.marketmonitor.app.ui.chart.ChartSurfaceRenderTest" time="1.104" />
  <testcase name="tradingChartWebViewIsComposed" classname="com.marketmonitor.app.ui.chart.ChartSurfaceRenderTest" time="1.134" />
  <testcase name="systemLightDarkOptionsAreSelectable" classname="com.marketmonitor.app.ui.settings.SettingsDialogTest" time="1.294" />
  <testcase name="themeChoicePersistsAcrossRepositoryInstances" classname="com.marketmonitor.app.ui.theme.ThemeRepositoryInstrumentedTest" time="0.043" />
</testsuite>